2026-06-27 15:23:31,068 [INFO] __main__: Databases initialized
2026-06-27 15:23:31,093 [INFO] apscheduler.scheduler: Adding job tentatively -- it will be properly scheduled when the scheduler starts
2026-06-27 15:23:31,094 [INFO] apscheduler.scheduler: Added job "run_daily_job" to job store "default"
2026-06-27 15:23:31,094 [INFO] apscheduler.scheduler: Scheduler started
2026-06-27 15:23:31,094 [INFO] __main__: Scheduler started: daily at 05:00 Tashkent
2026-06-27 15:23:32,148 [INFO] __main__: Starting polling...
2026-06-27 15:23:32,148 [INFO] aiogram.dispatcher: Start polling
2026-06-27 15:23:32,337 [INFO] aiogram.dispatcher: Run polling for bot @app_sent_messages_bot id=6846010816 - 'Xabar yuboruvchi bot'
2026-06-27 15:23:33,455 [INFO] aiogram.event: Update id=722867927 is handled. Duration 901 ms by bot id=6846010816
2026-06-27 15:23:39,094 [INFO] aiogram.event: Update id=722867928 is handled. Duration 408 ms by bot id=6846010816
2026-06-27 15:23:41,152 [INFO] aiogram.event: Update id=722867929 is handled. Duration 623 ms by bot id=6846010816
2026-06-27 15:24:05,103 [INFO] aiogram.event: Update id=722867930 is handled. Duration 1228 ms by bot id=6846010816
2026-06-27 15:24:07,185 [INFO] aiogram.event: Update id=722867931 is handled. Duration 852 ms by bot id=6846010816
2026-06-27 15:24:07,185 [INFO] scheduler: Daily job started
2026-06-27 15:24:09,404 [WARNING] api_client: Unexpected response type for tashxsud 2026-06-27: <class 'NoneType'>
2026-06-27 15:24:17,406 [WARNING] api_client: Unexpected response type for tashxsud 2026-06-28: <class 'NoneType'>
2026-06-27 15:24:58,162 [WARNING] api_client: Unexpected response type for tashxsud 2026-07-04: <class 'NoneType'>
2026-06-27 15:25:02,668 [WARNING] api_client: Unexpected response type for tashxsud 2026-07-05: <class 'NoneType'>
2026-06-27 15:25:43,613 [WARNING] api_client: Unexpected response type for tashxsud 2026-07-11: <class 'NoneType'>
2026-06-27 15:25:48,338 [WARNING] api_client: Unexpected response type for tashxsud 2026-07-12: <class 'NoneType'>
2026-06-27 15:26:27,250 [WARNING] api_client: Unexpected response type for tashxsud 2026-07-18: <class 'NoneType'>
2026-06-27 15:26:33,994 [WARNING] api_client: Unexpected response type for tashxsud 2026-07-19: <class 'NoneType'>
2026-06-27 15:26:41,776 [WARNING] api_client: Unexpected response type for tashxsud 2026-07-20: <class 'NoneType'>
2026-06-27 15:26:48,345 [WARNING] api_client: Unexpected response type for tashxsud 2026-07-21: <class 'NoneType'>
2026-06-27 15:26:56,332 [WARNING] api_client: Unexpected response type for tashxsud 2026-07-22: <class 'NoneType'>
2026-06-27 15:27:01,043 [WARNING] api_client: Unexpected response type for tashxsud 2026-07-23: <class 'NoneType'>
2026-06-27 15:27:13,743 [WARNING] api_client: Unexpected response type for tashxsud 2026-07-25: <class 'NoneType'>
2026-06-27 15:27:20,090 [WARNING] api_client: Unexpected response type for tashxsud 2026-07-26: <class 'NoneType'>
2026-06-27 15:27:26,019 [WARNING] api_client: Unexpected response type for toshkent.t 2026-06-27: <class 'NoneType'>
2026-06-27 15:27:32,378 [WARNING] api_client: Unexpected response type for toshkent.t 2026-06-28: <class 'NoneType'>
2026-06-27 15:28:15,883 [WARNING] api_client: Unexpected response type for toshkent.t 2026-07-04: <class 'NoneType'>
2026-06-27 15:28:21,105 [WARNING] api_client: Unexpected response type for toshkent.t 2026-07-05: <class 'NoneType'>
2026-06-27 15:29:04,538 [WARNING] api_client: Unexpected response type for toshkent.t 2026-07-11: <class 'NoneType'>
2026-06-27 15:29:09,248 [WARNING] api_client: Unexpected response type for toshkent.t 2026-07-12: <class 'NoneType'>
2026-06-27 15:29:55,738 [WARNING] api_client: Unexpected response type for toshkent.t 2026-07-18: <class 'NoneType'>
2026-06-27 15:30:04,340 [WARNING] api_client: Unexpected response type for toshkent.t 2026-07-19: <class 'NoneType'>
2026-06-27 15:30:21,954 [WARNING] api_client: Unexpected response type for toshkent.t 2026-07-22: <class 'NoneType'>
2026-06-27 15:30:28,301 [WARNING] api_client: Unexpected response type for toshkent.t 2026-07-23: <class 'NoneType'>
2026-06-27 15:30:42,214 [WARNING] api_client: Unexpected response type for toshkent.t 2026-07-25: <class 'NoneType'>
2026-06-27 15:30:50,010 [WARNING] api_client: Unexpected response type for toshkent.t 2026-07-26: <class 'NoneType'>
2026-06-27 15:30:54,003 [INFO] api_client: Fetch complete: {'total_requests': 60, 'successful': 60, 'failed': 0, 'raw_records': 3883, 'unique_records': 3860}
2026-06-27 15:30:58,188 [INFO] scheduler: Daily job done: new=3860, updated=0, archived=0, elapsed=6m
2026-06-27 15:34:43,470 [INFO] aiogram.event: Update id=722867932 is handled. Duration 713 ms by bot id=6846010816
2026-06-27 15:34:45,732 [INFO] aiogram.event: Update id=722867933 is handled. Duration 418 ms by bot id=6846010816
2026-06-27 15:35:09,898 [INFO] aiogram.event: Update id=722867934 is handled. Duration 6863 ms by bot id=6846010816
2026-06-27 15:38:41,968 [WARNING] aiogram.dispatcher: Received SIGINT signal
2026-06-27 15:38:41,970 [INFO] aiogram.dispatcher: Polling stopped for bot @app_sent_messages_bot id=6846010816 - 'Xabar yuboruvchi bot'
2026-06-27 15:38:41,970 [INFO] aiogram.dispatcher: Polling stopped
2026-06-27 15:38:42,222 [INFO] __main__: Bot stopped
2026-06-27 15:38:42,222 [INFO] apscheduler.scheduler: Scheduler has been shut down
